Determining if the pthread_create exist failed with the following output:
Change Dir: /home/aloepacci/RosPackage/src/stage_controllers/build/CMakeFiles/CMakeTmp

Run Build Command:"/usr/bin/make" "cmTC_bb7df/fast"
make[1]: se entra en el directorio '/home/aloepacci/RosPackage/src/stage_controllers/build/CMakeFiles/CMakeTmp'
/usr/bin/make -f CMakeFiles/cmTC_bb7df.dir/build.make CMakeFiles/cmTC_bb7df.dir/build
make[2]: se entra en el directorio '/home/aloepacci/RosPackage/src/stage_controllers/build/CMakeFiles/CMakeTmp'
Building C object CMakeFiles/cmTC_bb7df.dir/CheckSymbolExists.c.o
/usr/bin/cc    -o CMakeFiles/cmTC_bb7df.dir/CheckSymbolExists.c.o   -c /home/aloepacci/RosPackage/src/stage_controllers/build/CMakeFiles/CMakeTmp/CheckSymbolExists.c
Linking C executable cmTC_bb7df
/usr/bin/cmake -E cmake_link_script CMakeFiles/cmTC_bb7df.dir/link.txt --verbose=1
/usr/bin/cc      -rdynamic CMakeFiles/cmTC_bb7df.dir/CheckSymbolExists.c.o  -o cmTC_bb7df 
CMakeFiles/cmTC_bb7df.dir/CheckSymbolExists.c.o: En la funci√≥n `main':
CheckSymbolExists.c:(.text+0x1b): referencia a `pthread_create' sin definir
collect2: error: ld returned 1 exit status
CMakeFiles/cmTC_bb7df.dir/build.make:97: fallo en las instrucciones para el objetivo 'cmTC_bb7df'
make[2]: *** [cmTC_bb7df] Error 1
make[2]: se sale del directorio '/home/aloepacci/RosPackage/src/stage_controllers/build/CMakeFiles/CMakeTmp'
Makefile:126: fallo en las instrucciones para el objetivo 'cmTC_bb7df/fast'
make[1]: *** [cmTC_bb7df/fast] Error 2
make[1]: se sale del directorio '/home/aloepacci/RosPackage/src/stage_controllers/build/CMakeFiles/CMakeTmp'

File /home/aloepacci/RosPackage/src/stage_controllers/build/CMakeFiles/CMakeTmp/CheckSymbolExists.c:
/* */
#include <pthread.h>

int main(int argc, char** argv)
{
  (void)argv;
#ifndef pthread_create
  return ((int*)(&pthread_create))[argc];
#else
  (void)argc;
  return 0;
#endif
}

Determining if the function pthread_create exists in the pthreads failed with the following output:
Change Dir: /home/aloepacci/RosPackage/src/stage_controllers/build/CMakeFiles/CMakeTmp

Run Build Command:"/usr/bin/make" "cmTC_d164e/fast"
make[1]: se entra en el directorio '/home/aloepacci/RosPackage/src/stage_controllers/build/CMakeFiles/CMakeTmp'
/usr/bin/make -f CMakeFiles/cmTC_d164e.dir/build.make CMakeFiles/cmTC_d164e.dir/build
make[2]: se entra en el directorio '/home/aloepacci/RosPackage/src/stage_controllers/build/CMakeFiles/CMakeTmp'
Building C object CMakeFiles/cmTC_d164e.dir/CheckFunctionExists.c.o
/usr/bin/cc   -DCHECK_FUNCTION_EXISTS=pthread_create   -o CMakeFiles/cmTC_d164e.dir/CheckFunctionExists.c.o   -c /usr/share/cmake-3.10/Modules/CheckFunctionExists.c
Linking C executable cmTC_d164e
/usr/bin/cmake -E cmake_link_script CMakeFiles/cmTC_d164e.dir/link.txt --verbose=1
/usr/bin/cc  -DCHECK_FUNCTION_EXISTS=pthread_create    -rdynamic CMakeFiles/cmTC_d164e.dir/CheckFunctionExists.c.o  -o cmTC_d164e -lpthreads 
/usr/bin/ld: no se puede encontrar -lpthreads
collect2: error: ld returned 1 exit status
CMakeFiles/cmTC_d164e.dir/build.make:97: fallo en las instrucciones para el objetivo 'cmTC_d164e'
make[2]: *** [cmTC_d164e] Error 1
make[2]: se sale del directorio '/home/aloepacci/RosPackage/src/stage_controllers/build/CMakeFiles/CMakeTmp'
Makefile:126: fallo en las instrucciones para el objetivo 'cmTC_d164e/fast'
make[1]: *** [cmTC_d164e/fast] Error 2
make[1]: se sale del directorio '/home/aloepacci/RosPackage/src/stage_controllers/build/CMakeFiles/CMakeTmp'


